[2024-02-04T17:38:37.656+0000] {processor.py:157} INFO - Started process (PID=262) to work on /opt/airflow/dags/kafkastream.py
[2024-02-04T17:38:37.659+0000] {processor.py:829} INFO - Processing file /opt/airflow/dags/kafkastream.py for tasks to queue
[2024-02-04T17:38:37.663+0000] {logging_mixin.py:151} INFO - [2024-02-04T17:38:37.662+0000] {dagbag.py:539} INFO - Filling up the DagBag from /opt/airflow/dags/kafkastream.py
[2024-02-04T17:38:37.757+0000] {processor.py:839} INFO - DAG(s) dict_keys(['user_automation']) retrieved from /opt/airflow/dags/kafkastream.py
[2024-02-04T17:38:37.878+0000] {logging_mixin.py:151} INFO - [2024-02-04T17:38:37.877+0000] {dag.py:2907} INFO - Sync 1 DAGs
[2024-02-04T17:38:37.951+0000] {logging_mixin.py:151} INFO - [2024-02-04T17:38:37.951+0000] {dag.py:3677} INFO - Setting next_dagrun for user_automation to 2024-02-03T00:00:00+00:00, run_after=2024-02-04T00:00:00+00:00
[2024-02-04T17:38:38.004+0000] {processor.py:179} INFO - Processing /opt/airflow/dags/kafkastream.py took 0.355 seconds
[2024-02-04T17:39:08.323+0000] {processor.py:157} INFO - Started process (PID=265) to work on /opt/airflow/dags/kafkastream.py
[2024-02-04T17:39:08.325+0000] {processor.py:829} INFO - Processing file /opt/airflow/dags/kafkastream.py for tasks to queue
[2024-02-04T17:39:08.327+0000] {logging_mixin.py:151} INFO - [2024-02-04T17:39:08.327+0000] {dagbag.py:539} INFO - Filling up the DagBag from /opt/airflow/dags/kafkastream.py
[2024-02-04T17:39:08.393+0000] {processor.py:839} INFO - DAG(s) dict_keys(['user_automation']) retrieved from /opt/airflow/dags/kafkastream.py
[2024-02-04T17:39:08.465+0000] {logging_mixin.py:151} INFO - [2024-02-04T17:39:08.465+0000] {dag.py:2907} INFO - Sync 1 DAGs
[2024-02-04T17:39:08.521+0000] {logging_mixin.py:151} INFO - [2024-02-04T17:39:08.520+0000] {dag.py:3677} INFO - Setting next_dagrun for user_automation to 2024-02-03T00:00:00+00:00, run_after=2024-02-04T00:00:00+00:00
[2024-02-04T17:39:08.546+0000] {processor.py:179} INFO - Processing /opt/airflow/dags/kafkastream.py took 0.237 seconds
[2024-02-04T17:39:38.733+0000] {processor.py:157} INFO - Started process (PID=266) to work on /opt/airflow/dags/kafkastream.py
[2024-02-04T17:39:38.735+0000] {processor.py:829} INFO - Processing file /opt/airflow/dags/kafkastream.py for tasks to queue
[2024-02-04T17:39:38.739+0000] {logging_mixin.py:151} INFO - [2024-02-04T17:39:38.737+0000] {dagbag.py:539} INFO - Filling up the DagBag from /opt/airflow/dags/kafkastream.py
[2024-02-04T17:39:38.783+0000] {processor.py:839} INFO - DAG(s) dict_keys(['user_automation']) retrieved from /opt/airflow/dags/kafkastream.py
[2024-02-04T17:39:38.847+0000] {logging_mixin.py:151} INFO - [2024-02-04T17:39:38.847+0000] {dag.py:2907} INFO - Sync 1 DAGs
[2024-02-04T17:39:38.881+0000] {logging_mixin.py:151} INFO - [2024-02-04T17:39:38.881+0000] {dag.py:3677} INFO - Setting next_dagrun for user_automation to 2024-02-03T00:00:00+00:00, run_after=2024-02-04T00:00:00+00:00
[2024-02-04T17:39:38.906+0000] {processor.py:179} INFO - Processing /opt/airflow/dags/kafkastream.py took 0.190 seconds
[2024-02-04T17:40:09.156+0000] {processor.py:157} INFO - Started process (PID=270) to work on /opt/airflow/dags/kafkastream.py
[2024-02-04T17:40:09.157+0000] {processor.py:829} INFO - Processing file /opt/airflow/dags/kafkastream.py for tasks to queue
[2024-02-04T17:40:09.158+0000] {logging_mixin.py:151} INFO - [2024-02-04T17:40:09.158+0000] {dagbag.py:539} INFO - Filling up the DagBag from /opt/airflow/dags/kafkastream.py
[2024-02-04T17:40:09.309+0000] {processor.py:839} INFO - DAG(s) dict_keys(['user_automation']) retrieved from /opt/airflow/dags/kafkastream.py
[2024-02-04T17:40:09.372+0000] {logging_mixin.py:151} INFO - [2024-02-04T17:40:09.372+0000] {dag.py:2907} INFO - Sync 1 DAGs
[2024-02-04T17:40:09.417+0000] {logging_mixin.py:151} INFO - [2024-02-04T17:40:09.417+0000] {dag.py:3677} INFO - Setting next_dagrun for user_automation to 2024-02-04T00:00:00+00:00, run_after=2024-02-05T00:00:00+00:00
[2024-02-04T17:40:09.443+0000] {processor.py:179} INFO - Processing /opt/airflow/dags/kafkastream.py took 0.303 seconds
[2024-02-04T17:40:39.709+0000] {processor.py:157} INFO - Started process (PID=271) to work on /opt/airflow/dags/kafkastream.py
[2024-02-04T17:40:39.711+0000] {processor.py:829} INFO - Processing file /opt/airflow/dags/kafkastream.py for tasks to queue
[2024-02-04T17:40:39.712+0000] {logging_mixin.py:151} INFO - [2024-02-04T17:40:39.711+0000] {dagbag.py:539} INFO - Filling up the DagBag from /opt/airflow/dags/kafkastream.py
[2024-02-04T17:40:39.747+0000] {processor.py:839} INFO - DAG(s) dict_keys(['user_automation']) retrieved from /opt/airflow/dags/kafkastream.py
[2024-02-04T17:40:39.778+0000] {logging_mixin.py:151} INFO - [2024-02-04T17:40:39.777+0000] {dag.py:2907} INFO - Sync 1 DAGs
[2024-02-04T17:40:39.809+0000] {logging_mixin.py:151} INFO - [2024-02-04T17:40:39.808+0000] {dag.py:3677} INFO - Setting next_dagrun for user_automation to 2024-02-04T00:00:00+00:00, run_after=2024-02-05T00:00:00+00:00
[2024-02-04T17:40:39.832+0000] {processor.py:179} INFO - Processing /opt/airflow/dags/kafkastream.py took 0.125 seconds
[2024-02-04T17:41:10.027+0000] {processor.py:157} INFO - Started process (PID=272) to work on /opt/airflow/dags/kafkastream.py
[2024-02-04T17:41:10.028+0000] {processor.py:829} INFO - Processing file /opt/airflow/dags/kafkastream.py for tasks to queue
[2024-02-04T17:41:10.029+0000] {logging_mixin.py:151} INFO - [2024-02-04T17:41:10.029+0000] {dagbag.py:539} INFO - Filling up the DagBag from /opt/airflow/dags/kafkastream.py
[2024-02-04T17:41:10.068+0000] {processor.py:839} INFO - DAG(s) dict_keys(['user_automation']) retrieved from /opt/airflow/dags/kafkastream.py
[2024-02-04T17:41:10.095+0000] {logging_mixin.py:151} INFO - [2024-02-04T17:41:10.095+0000] {dag.py:2907} INFO - Sync 1 DAGs
[2024-02-04T17:41:10.118+0000] {logging_mixin.py:151} INFO - [2024-02-04T17:41:10.118+0000] {dag.py:3677} INFO - Setting next_dagrun for user_automation to 2024-02-04T00:00:00+00:00, run_after=2024-02-05T00:00:00+00:00
[2024-02-04T17:41:10.137+0000] {processor.py:179} INFO - Processing /opt/airflow/dags/kafkastream.py took 0.115 seconds
[2024-02-04T17:41:40.398+0000] {processor.py:157} INFO - Started process (PID=273) to work on /opt/airflow/dags/kafkastream.py
[2024-02-04T17:41:40.399+0000] {processor.py:829} INFO - Processing file /opt/airflow/dags/kafkastream.py for tasks to queue
[2024-02-04T17:41:40.401+0000] {logging_mixin.py:151} INFO - [2024-02-04T17:41:40.400+0000] {dagbag.py:539} INFO - Filling up the DagBag from /opt/airflow/dags/kafkastream.py
[2024-02-04T17:41:40.453+0000] {processor.py:839} INFO - DAG(s) dict_keys(['user_automation']) retrieved from /opt/airflow/dags/kafkastream.py
[2024-02-04T17:41:40.482+0000] {logging_mixin.py:151} INFO - [2024-02-04T17:41:40.482+0000] {dag.py:2907} INFO - Sync 1 DAGs
[2024-02-04T17:41:40.504+0000] {logging_mixin.py:151} INFO - [2024-02-04T17:41:40.504+0000] {dag.py:3677} INFO - Setting next_dagrun for user_automation to 2024-02-04T00:00:00+00:00, run_after=2024-02-05T00:00:00+00:00
[2024-02-04T17:41:40.535+0000] {processor.py:179} INFO - Processing /opt/airflow/dags/kafkastream.py took 0.141 seconds
[2024-02-04T17:42:10.758+0000] {processor.py:157} INFO - Started process (PID=274) to work on /opt/airflow/dags/kafkastream.py
[2024-02-04T17:42:10.760+0000] {processor.py:829} INFO - Processing file /opt/airflow/dags/kafkastream.py for tasks to queue
[2024-02-04T17:42:10.761+0000] {logging_mixin.py:151} INFO - [2024-02-04T17:42:10.761+0000] {dagbag.py:539} INFO - Filling up the DagBag from /opt/airflow/dags/kafkastream.py
[2024-02-04T17:42:10.808+0000] {processor.py:839} INFO - DAG(s) dict_keys(['user_automation']) retrieved from /opt/airflow/dags/kafkastream.py
[2024-02-04T17:42:10.831+0000] {logging_mixin.py:151} INFO - [2024-02-04T17:42:10.831+0000] {dag.py:2907} INFO - Sync 1 DAGs
[2024-02-04T17:42:10.851+0000] {logging_mixin.py:151} INFO - [2024-02-04T17:42:10.851+0000] {dag.py:3677} INFO - Setting next_dagrun for user_automation to 2024-02-04T00:00:00+00:00, run_after=2024-02-05T00:00:00+00:00
[2024-02-04T17:42:10.886+0000] {processor.py:179} INFO - Processing /opt/airflow/dags/kafkastream.py took 0.132 seconds
[2024-02-04T17:42:41.135+0000] {processor.py:157} INFO - Started process (PID=275) to work on /opt/airflow/dags/kafkastream.py
[2024-02-04T17:42:41.136+0000] {processor.py:829} INFO - Processing file /opt/airflow/dags/kafkastream.py for tasks to queue
[2024-02-04T17:42:41.138+0000] {logging_mixin.py:151} INFO - [2024-02-04T17:42:41.137+0000] {dagbag.py:539} INFO - Filling up the DagBag from /opt/airflow/dags/kafkastream.py
[2024-02-04T17:42:41.175+0000] {processor.py:839} INFO - DAG(s) dict_keys(['user_automation']) retrieved from /opt/airflow/dags/kafkastream.py
[2024-02-04T17:42:41.198+0000] {logging_mixin.py:151} INFO - [2024-02-04T17:42:41.198+0000] {dag.py:2907} INFO - Sync 1 DAGs
[2024-02-04T17:42:41.217+0000] {logging_mixin.py:151} INFO - [2024-02-04T17:42:41.217+0000] {dag.py:3677} INFO - Setting next_dagrun for user_automation to 2024-02-04T00:00:00+00:00, run_after=2024-02-05T00:00:00+00:00
[2024-02-04T17:42:41.247+0000] {processor.py:179} INFO - Processing /opt/airflow/dags/kafkastream.py took 0.116 seconds
[2024-02-04T17:43:11.516+0000] {processor.py:157} INFO - Started process (PID=276) to work on /opt/airflow/dags/kafkastream.py
[2024-02-04T17:43:11.518+0000] {processor.py:829} INFO - Processing file /opt/airflow/dags/kafkastream.py for tasks to queue
[2024-02-04T17:43:11.519+0000] {logging_mixin.py:151} INFO - [2024-02-04T17:43:11.519+0000] {dagbag.py:539} INFO - Filling up the DagBag from /opt/airflow/dags/kafkastream.py
[2024-02-04T17:43:11.543+0000] {processor.py:839} INFO - DAG(s) dict_keys(['user_automation']) retrieved from /opt/airflow/dags/kafkastream.py
[2024-02-04T17:43:11.567+0000] {logging_mixin.py:151} INFO - [2024-02-04T17:43:11.567+0000] {dag.py:2907} INFO - Sync 1 DAGs
[2024-02-04T17:43:11.586+0000] {logging_mixin.py:151} INFO - [2024-02-04T17:43:11.586+0000] {dag.py:3677} INFO - Setting next_dagrun for user_automation to 2024-02-04T00:00:00+00:00, run_after=2024-02-05T00:00:00+00:00
[2024-02-04T17:43:11.617+0000] {processor.py:179} INFO - Processing /opt/airflow/dags/kafkastream.py took 0.103 seconds
[2024-02-04T17:43:41.890+0000] {processor.py:157} INFO - Started process (PID=277) to work on /opt/airflow/dags/kafkastream.py
[2024-02-04T17:43:41.891+0000] {processor.py:829} INFO - Processing file /opt/airflow/dags/kafkastream.py for tasks to queue
[2024-02-04T17:43:41.893+0000] {logging_mixin.py:151} INFO - [2024-02-04T17:43:41.892+0000] {dagbag.py:539} INFO - Filling up the DagBag from /opt/airflow/dags/kafkastream.py
[2024-02-04T17:43:41.929+0000] {processor.py:839} INFO - DAG(s) dict_keys(['user_automation']) retrieved from /opt/airflow/dags/kafkastream.py
[2024-02-04T17:43:41.954+0000] {logging_mixin.py:151} INFO - [2024-02-04T17:43:41.953+0000] {dag.py:2907} INFO - Sync 1 DAGs
[2024-02-04T17:43:41.972+0000] {logging_mixin.py:151} INFO - [2024-02-04T17:43:41.972+0000] {dag.py:3677} INFO - Setting next_dagrun for user_automation to 2024-02-04T00:00:00+00:00, run_after=2024-02-05T00:00:00+00:00
[2024-02-04T17:43:42.000+0000] {processor.py:179} INFO - Processing /opt/airflow/dags/kafkastream.py took 0.113 seconds
[2024-02-04T17:44:12.224+0000] {processor.py:157} INFO - Started process (PID=278) to work on /opt/airflow/dags/kafkastream.py
[2024-02-04T17:44:12.226+0000] {processor.py:829} INFO - Processing file /opt/airflow/dags/kafkastream.py for tasks to queue
[2024-02-04T17:44:12.227+0000] {logging_mixin.py:151} INFO - [2024-02-04T17:44:12.226+0000] {dagbag.py:539} INFO - Filling up the DagBag from /opt/airflow/dags/kafkastream.py
[2024-02-04T17:44:12.263+0000] {processor.py:839} INFO - DAG(s) dict_keys(['user_automation']) retrieved from /opt/airflow/dags/kafkastream.py
[2024-02-04T17:44:12.288+0000] {logging_mixin.py:151} INFO - [2024-02-04T17:44:12.288+0000] {dag.py:2907} INFO - Sync 1 DAGs
[2024-02-04T17:44:12.309+0000] {logging_mixin.py:151} INFO - [2024-02-04T17:44:12.309+0000] {dag.py:3677} INFO - Setting next_dagrun for user_automation to 2024-02-04T00:00:00+00:00, run_after=2024-02-05T00:00:00+00:00
[2024-02-04T17:44:12.338+0000] {processor.py:179} INFO - Processing /opt/airflow/dags/kafkastream.py took 0.118 seconds
[2024-02-04T17:44:42.589+0000] {processor.py:157} INFO - Started process (PID=279) to work on /opt/airflow/dags/kafkastream.py
[2024-02-04T17:44:42.590+0000] {processor.py:829} INFO - Processing file /opt/airflow/dags/kafkastream.py for tasks to queue
[2024-02-04T17:44:42.591+0000] {logging_mixin.py:151} INFO - [2024-02-04T17:44:42.591+0000] {dagbag.py:539} INFO - Filling up the DagBag from /opt/airflow/dags/kafkastream.py
[2024-02-04T17:44:42.617+0000] {processor.py:839} INFO - DAG(s) dict_keys(['user_automation']) retrieved from /opt/airflow/dags/kafkastream.py
[2024-02-04T17:44:42.640+0000] {logging_mixin.py:151} INFO - [2024-02-04T17:44:42.640+0000] {dag.py:2907} INFO - Sync 1 DAGs
[2024-02-04T17:44:42.660+0000] {logging_mixin.py:151} INFO - [2024-02-04T17:44:42.660+0000] {dag.py:3677} INFO - Setting next_dagrun for user_automation to 2024-02-04T00:00:00+00:00, run_after=2024-02-05T00:00:00+00:00
[2024-02-04T17:44:42.687+0000] {processor.py:179} INFO - Processing /opt/airflow/dags/kafkastream.py took 0.100 seconds
[2024-02-04T17:45:12.947+0000] {processor.py:157} INFO - Started process (PID=280) to work on /opt/airflow/dags/kafkastream.py
[2024-02-04T17:45:12.949+0000] {processor.py:829} INFO - Processing file /opt/airflow/dags/kafkastream.py for tasks to queue
[2024-02-04T17:45:12.950+0000] {logging_mixin.py:151} INFO - [2024-02-04T17:45:12.950+0000] {dagbag.py:539} INFO - Filling up the DagBag from /opt/airflow/dags/kafkastream.py
[2024-02-04T17:45:12.989+0000] {processor.py:839} INFO - DAG(s) dict_keys(['user_automation']) retrieved from /opt/airflow/dags/kafkastream.py
[2024-02-04T17:45:13.013+0000] {logging_mixin.py:151} INFO - [2024-02-04T17:45:13.012+0000] {dag.py:2907} INFO - Sync 1 DAGs
[2024-02-04T17:45:13.032+0000] {logging_mixin.py:151} INFO - [2024-02-04T17:45:13.032+0000] {dag.py:3677} INFO - Setting next_dagrun for user_automation to 2024-02-04T00:00:00+00:00, run_after=2024-02-05T00:00:00+00:00
[2024-02-04T17:45:13.059+0000] {processor.py:179} INFO - Processing /opt/airflow/dags/kafkastream.py took 0.116 seconds
[2024-02-04T17:45:43.319+0000] {processor.py:157} INFO - Started process (PID=281) to work on /opt/airflow/dags/kafkastream.py
[2024-02-04T17:45:43.321+0000] {processor.py:829} INFO - Processing file /opt/airflow/dags/kafkastream.py for tasks to queue
[2024-02-04T17:45:43.324+0000] {logging_mixin.py:151} INFO - [2024-02-04T17:45:43.324+0000] {dagbag.py:539} INFO - Filling up the DagBag from /opt/airflow/dags/kafkastream.py
[2024-02-04T17:45:43.374+0000] {processor.py:839} INFO - DAG(s) dict_keys(['user_automation']) retrieved from /opt/airflow/dags/kafkastream.py
[2024-02-04T17:45:43.408+0000] {logging_mixin.py:151} INFO - [2024-02-04T17:45:43.408+0000] {dag.py:2907} INFO - Sync 1 DAGs
[2024-02-04T17:45:43.429+0000] {logging_mixin.py:151} INFO - [2024-02-04T17:45:43.429+0000] {dag.py:3677} INFO - Setting next_dagrun for user_automation to 2024-02-04T00:00:00+00:00, run_after=2024-02-05T00:00:00+00:00
[2024-02-04T17:45:43.465+0000] {processor.py:179} INFO - Processing /opt/airflow/dags/kafkastream.py took 0.151 seconds
[2024-02-04T17:46:13.668+0000] {processor.py:157} INFO - Started process (PID=282) to work on /opt/airflow/dags/kafkastream.py
[2024-02-04T17:46:13.670+0000] {processor.py:829} INFO - Processing file /opt/airflow/dags/kafkastream.py for tasks to queue
[2024-02-04T17:46:13.671+0000] {logging_mixin.py:151} INFO - [2024-02-04T17:46:13.671+0000] {dagbag.py:539} INFO - Filling up the DagBag from /opt/airflow/dags/kafkastream.py
[2024-02-04T17:46:13.718+0000] {processor.py:839} INFO - DAG(s) dict_keys(['user_automation']) retrieved from /opt/airflow/dags/kafkastream.py
[2024-02-04T17:46:13.740+0000] {logging_mixin.py:151} INFO - [2024-02-04T17:46:13.740+0000] {dag.py:2907} INFO - Sync 1 DAGs
[2024-02-04T17:46:13.768+0000] {logging_mixin.py:151} INFO - [2024-02-04T17:46:13.768+0000] {dag.py:3677} INFO - Setting next_dagrun for user_automation to 2024-02-04T00:00:00+00:00, run_after=2024-02-05T00:00:00+00:00
[2024-02-04T17:46:13.829+0000] {processor.py:179} INFO - Processing /opt/airflow/dags/kafkastream.py took 0.164 seconds
[2024-02-04T17:46:44.057+0000] {processor.py:157} INFO - Started process (PID=283) to work on /opt/airflow/dags/kafkastream.py
[2024-02-04T17:46:44.058+0000] {processor.py:829} INFO - Processing file /opt/airflow/dags/kafkastream.py for tasks to queue
[2024-02-04T17:46:44.059+0000] {logging_mixin.py:151} INFO - [2024-02-04T17:46:44.059+0000] {dagbag.py:539} INFO - Filling up the DagBag from /opt/airflow/dags/kafkastream.py
[2024-02-04T17:46:44.100+0000] {processor.py:839} INFO - DAG(s) dict_keys(['user_automation']) retrieved from /opt/airflow/dags/kafkastream.py
[2024-02-04T17:46:44.129+0000] {logging_mixin.py:151} INFO - [2024-02-04T17:46:44.129+0000] {dag.py:2907} INFO - Sync 1 DAGs
[2024-02-04T17:46:44.151+0000] {logging_mixin.py:151} INFO - [2024-02-04T17:46:44.151+0000] {dag.py:3677} INFO - Setting next_dagrun for user_automation to 2024-02-04T00:00:00+00:00, run_after=2024-02-05T00:00:00+00:00
[2024-02-04T17:46:44.182+0000] {processor.py:179} INFO - Processing /opt/airflow/dags/kafkastream.py took 0.128 seconds
[2024-02-04T17:47:14.410+0000] {processor.py:157} INFO - Started process (PID=284) to work on /opt/airflow/dags/kafkastream.py
[2024-02-04T17:47:14.413+0000] {processor.py:829} INFO - Processing file /opt/airflow/dags/kafkastream.py for tasks to queue
[2024-02-04T17:47:14.415+0000] {logging_mixin.py:151} INFO - [2024-02-04T17:47:14.414+0000] {dagbag.py:539} INFO - Filling up the DagBag from /opt/airflow/dags/kafkastream.py
[2024-02-04T17:47:14.460+0000] {processor.py:839} INFO - DAG(s) dict_keys(['user_automation']) retrieved from /opt/airflow/dags/kafkastream.py
[2024-02-04T17:47:14.485+0000] {logging_mixin.py:151} INFO - [2024-02-04T17:47:14.485+0000] {dag.py:2907} INFO - Sync 1 DAGs
[2024-02-04T17:47:14.505+0000] {logging_mixin.py:151} INFO - [2024-02-04T17:47:14.505+0000] {dag.py:3677} INFO - Setting next_dagrun for user_automation to 2024-02-04T00:00:00+00:00, run_after=2024-02-05T00:00:00+00:00
[2024-02-04T17:47:14.537+0000] {processor.py:179} INFO - Processing /opt/airflow/dags/kafkastream.py took 0.133 seconds
[2024-02-04T17:47:44.792+0000] {processor.py:157} INFO - Started process (PID=285) to work on /opt/airflow/dags/kafkastream.py
[2024-02-04T17:47:44.794+0000] {processor.py:829} INFO - Processing file /opt/airflow/dags/kafkastream.py for tasks to queue
[2024-02-04T17:47:44.795+0000] {logging_mixin.py:151} INFO - [2024-02-04T17:47:44.795+0000] {dagbag.py:539} INFO - Filling up the DagBag from /opt/airflow/dags/kafkastream.py
[2024-02-04T17:47:44.833+0000] {processor.py:839} INFO - DAG(s) dict_keys(['user_automation']) retrieved from /opt/airflow/dags/kafkastream.py
[2024-02-04T17:47:44.857+0000] {logging_mixin.py:151} INFO - [2024-02-04T17:47:44.857+0000] {dag.py:2907} INFO - Sync 1 DAGs
[2024-02-04T17:47:44.876+0000] {logging_mixin.py:151} INFO - [2024-02-04T17:47:44.876+0000] {dag.py:3677} INFO - Setting next_dagrun for user_automation to 2024-02-04T00:00:00+00:00, run_after=2024-02-05T00:00:00+00:00
[2024-02-04T17:47:44.908+0000] {processor.py:179} INFO - Processing /opt/airflow/dags/kafkastream.py took 0.119 seconds
[2024-02-04T17:48:15.156+0000] {processor.py:157} INFO - Started process (PID=286) to work on /opt/airflow/dags/kafkastream.py
[2024-02-04T17:48:15.158+0000] {processor.py:829} INFO - Processing file /opt/airflow/dags/kafkastream.py for tasks to queue
[2024-02-04T17:48:15.159+0000] {logging_mixin.py:151} INFO - [2024-02-04T17:48:15.158+0000] {dagbag.py:539} INFO - Filling up the DagBag from /opt/airflow/dags/kafkastream.py
[2024-02-04T17:48:15.189+0000] {processor.py:839} INFO - DAG(s) dict_keys(['user_automation']) retrieved from /opt/airflow/dags/kafkastream.py
[2024-02-04T17:48:15.210+0000] {logging_mixin.py:151} INFO - [2024-02-04T17:48:15.210+0000] {dag.py:2907} INFO - Sync 1 DAGs
[2024-02-04T17:48:15.229+0000] {logging_mixin.py:151} INFO - [2024-02-04T17:48:15.229+0000] {dag.py:3677} INFO - Setting next_dagrun for user_automation to 2024-02-04T00:00:00+00:00, run_after=2024-02-05T00:00:00+00:00
[2024-02-04T17:48:15.258+0000] {processor.py:179} INFO - Processing /opt/airflow/dags/kafkastream.py took 0.105 seconds
[2024-02-04T17:48:45.516+0000] {processor.py:157} INFO - Started process (PID=287) to work on /opt/airflow/dags/kafkastream.py
[2024-02-04T17:48:45.517+0000] {processor.py:829} INFO - Processing file /opt/airflow/dags/kafkastream.py for tasks to queue
[2024-02-04T17:48:45.518+0000] {logging_mixin.py:151} INFO - [2024-02-04T17:48:45.518+0000] {dagbag.py:539} INFO - Filling up the DagBag from /opt/airflow/dags/kafkastream.py
[2024-02-04T17:48:45.555+0000] {processor.py:839} INFO - DAG(s) dict_keys(['user_automation']) retrieved from /opt/airflow/dags/kafkastream.py
[2024-02-04T17:48:45.578+0000] {logging_mixin.py:151} INFO - [2024-02-04T17:48:45.578+0000] {dag.py:2907} INFO - Sync 1 DAGs
[2024-02-04T17:48:45.597+0000] {logging_mixin.py:151} INFO - [2024-02-04T17:48:45.597+0000] {dag.py:3677} INFO - Setting next_dagrun for user_automation to 2024-02-04T00:00:00+00:00, run_after=2024-02-05T00:00:00+00:00
[2024-02-04T17:48:45.626+0000] {processor.py:179} INFO - Processing /opt/airflow/dags/kafkastream.py took 0.112 seconds
[2024-02-04T18:01:18.654+0000] {processor.py:157} INFO - Started process (PID=290) to work on /opt/airflow/dags/kafkastream.py
[2024-02-04T18:01:18.656+0000] {processor.py:829} INFO - Processing file /opt/airflow/dags/kafkastream.py for tasks to queue
[2024-02-04T18:01:18.659+0000] {logging_mixin.py:151} INFO - [2024-02-04T18:01:18.659+0000] {dagbag.py:539} INFO - Filling up the DagBag from /opt/airflow/dags/kafkastream.py
[2024-02-04T18:01:18.779+0000] {processor.py:839} INFO - DAG(s) dict_keys(['user_automation']) retrieved from /opt/airflow/dags/kafkastream.py
[2024-02-04T18:01:18.833+0000] {logging_mixin.py:151} INFO - [2024-02-04T18:01:18.832+0000] {dag.py:2907} INFO - Sync 1 DAGs
[2024-02-04T18:01:18.887+0000] {logging_mixin.py:151} INFO - [2024-02-04T18:01:18.887+0000] {dag.py:3677} INFO - Setting next_dagrun for user_automation to 2024-02-04T00:00:00+00:00, run_after=2024-02-05T00:00:00+00:00
[2024-02-04T18:01:18.957+0000] {processor.py:179} INFO - Processing /opt/airflow/dags/kafkastream.py took 0.316 seconds
[2024-02-04T18:01:49.148+0000] {processor.py:157} INFO - Started process (PID=291) to work on /opt/airflow/dags/kafkastream.py
[2024-02-04T18:01:49.149+0000] {processor.py:829} INFO - Processing file /opt/airflow/dags/kafkastream.py for tasks to queue
[2024-02-04T18:01:49.150+0000] {logging_mixin.py:151} INFO - [2024-02-04T18:01:49.150+0000] {dagbag.py:539} INFO - Filling up the DagBag from /opt/airflow/dags/kafkastream.py
[2024-02-04T18:01:49.170+0000] {processor.py:839} INFO - DAG(s) dict_keys(['user_automation']) retrieved from /opt/airflow/dags/kafkastream.py
[2024-02-04T18:01:49.197+0000] {logging_mixin.py:151} INFO - [2024-02-04T18:01:49.197+0000] {dag.py:2907} INFO - Sync 1 DAGs
[2024-02-04T18:01:49.221+0000] {logging_mixin.py:151} INFO - [2024-02-04T18:01:49.221+0000] {dag.py:3677} INFO - Setting next_dagrun for user_automation to 2024-02-04T00:00:00+00:00, run_after=2024-02-05T00:00:00+00:00
[2024-02-04T18:01:49.238+0000] {processor.py:179} INFO - Processing /opt/airflow/dags/kafkastream.py took 0.094 seconds
[2024-02-04T18:02:19.325+0000] {processor.py:157} INFO - Started process (PID=292) to work on /opt/airflow/dags/kafkastream.py
[2024-02-04T18:02:19.326+0000] {processor.py:829} INFO - Processing file /opt/airflow/dags/kafkastream.py for tasks to queue
[2024-02-04T18:02:19.327+0000] {logging_mixin.py:151} INFO - [2024-02-04T18:02:19.327+0000] {dagbag.py:539} INFO - Filling up the DagBag from /opt/airflow/dags/kafkastream.py
[2024-02-04T18:02:19.357+0000] {processor.py:839} INFO - DAG(s) dict_keys(['user_automation']) retrieved from /opt/airflow/dags/kafkastream.py
[2024-02-04T18:02:19.383+0000] {logging_mixin.py:151} INFO - [2024-02-04T18:02:19.383+0000] {dag.py:2907} INFO - Sync 1 DAGs
[2024-02-04T18:02:19.405+0000] {logging_mixin.py:151} INFO - [2024-02-04T18:02:19.405+0000] {dag.py:3677} INFO - Setting next_dagrun for user_automation to 2024-02-04T00:00:00+00:00, run_after=2024-02-05T00:00:00+00:00
[2024-02-04T18:02:19.422+0000] {processor.py:179} INFO - Processing /opt/airflow/dags/kafkastream.py took 0.100 seconds
[2024-02-04T18:02:49.630+0000] {processor.py:157} INFO - Started process (PID=293) to work on /opt/airflow/dags/kafkastream.py
[2024-02-04T18:02:49.631+0000] {processor.py:829} INFO - Processing file /opt/airflow/dags/kafkastream.py for tasks to queue
[2024-02-04T18:02:49.633+0000] {logging_mixin.py:151} INFO - [2024-02-04T18:02:49.632+0000] {dagbag.py:539} INFO - Filling up the DagBag from /opt/airflow/dags/kafkastream.py
[2024-02-04T18:02:49.675+0000] {processor.py:839} INFO - DAG(s) dict_keys(['user_automation']) retrieved from /opt/airflow/dags/kafkastream.py
[2024-02-04T18:02:49.710+0000] {logging_mixin.py:151} INFO - [2024-02-04T18:02:49.709+0000] {dag.py:2907} INFO - Sync 1 DAGs
[2024-02-04T18:02:49.746+0000] {logging_mixin.py:151} INFO - [2024-02-04T18:02:49.746+0000] {dag.py:3677} INFO - Setting next_dagrun for user_automation to 2024-02-04T00:00:00+00:00, run_after=2024-02-05T00:00:00+00:00
[2024-02-04T18:02:49.778+0000] {processor.py:179} INFO - Processing /opt/airflow/dags/kafkastream.py took 0.152 seconds
[2024-02-04T18:03:19.938+0000] {processor.py:157} INFO - Started process (PID=294) to work on /opt/airflow/dags/kafkastream.py
[2024-02-04T18:03:19.939+0000] {processor.py:829} INFO - Processing file /opt/airflow/dags/kafkastream.py for tasks to queue
[2024-02-04T18:03:19.940+0000] {logging_mixin.py:151} INFO - [2024-02-04T18:03:19.940+0000] {dagbag.py:539} INFO - Filling up the DagBag from /opt/airflow/dags/kafkastream.py
[2024-02-04T18:03:19.984+0000] {processor.py:839} INFO - DAG(s) dict_keys(['user_automation']) retrieved from /opt/airflow/dags/kafkastream.py
[2024-02-04T18:03:20.009+0000] {logging_mixin.py:151} INFO - [2024-02-04T18:03:20.009+0000] {dag.py:2907} INFO - Sync 1 DAGs
[2024-02-04T18:03:20.028+0000] {logging_mixin.py:151} INFO - [2024-02-04T18:03:20.028+0000] {dag.py:3677} INFO - Setting next_dagrun for user_automation to 2024-02-04T00:00:00+00:00, run_after=2024-02-05T00:00:00+00:00
[2024-02-04T18:03:20.064+0000] {processor.py:179} INFO - Processing /opt/airflow/dags/kafkastream.py took 0.130 seconds
[2024-02-04T18:03:50.355+0000] {processor.py:157} INFO - Started process (PID=295) to work on /opt/airflow/dags/kafkastream.py
[2024-02-04T18:03:50.356+0000] {processor.py:829} INFO - Processing file /opt/airflow/dags/kafkastream.py for tasks to queue
[2024-02-04T18:03:50.357+0000] {logging_mixin.py:151} INFO - [2024-02-04T18:03:50.357+0000] {dagbag.py:539} INFO - Filling up the DagBag from /opt/airflow/dags/kafkastream.py
[2024-02-04T18:03:50.393+0000] {processor.py:839} INFO - DAG(s) dict_keys(['user_automation']) retrieved from /opt/airflow/dags/kafkastream.py
[2024-02-04T18:03:50.419+0000] {logging_mixin.py:151} INFO - [2024-02-04T18:03:50.418+0000] {dag.py:2907} INFO - Sync 1 DAGs
[2024-02-04T18:03:50.440+0000] {logging_mixin.py:151} INFO - [2024-02-04T18:03:50.439+0000] {dag.py:3677} INFO - Setting next_dagrun for user_automation to 2024-02-04T00:00:00+00:00, run_after=2024-02-05T00:00:00+00:00
[2024-02-04T18:03:50.476+0000] {processor.py:179} INFO - Processing /opt/airflow/dags/kafkastream.py took 0.124 seconds
[2024-02-04T18:04:20.716+0000] {processor.py:157} INFO - Started process (PID=296) to work on /opt/airflow/dags/kafkastream.py
[2024-02-04T18:04:20.718+0000] {processor.py:829} INFO - Processing file /opt/airflow/dags/kafkastream.py for tasks to queue
[2024-02-04T18:04:20.720+0000] {logging_mixin.py:151} INFO - [2024-02-04T18:04:20.719+0000] {dagbag.py:539} INFO - Filling up the DagBag from /opt/airflow/dags/kafkastream.py
[2024-02-04T18:04:20.759+0000] {processor.py:839} INFO - DAG(s) dict_keys(['user_automation']) retrieved from /opt/airflow/dags/kafkastream.py
[2024-02-04T18:04:20.785+0000] {logging_mixin.py:151} INFO - [2024-02-04T18:04:20.784+0000] {dag.py:2907} INFO - Sync 1 DAGs
[2024-02-04T18:04:20.805+0000] {logging_mixin.py:151} INFO - [2024-02-04T18:04:20.805+0000] {dag.py:3677} INFO - Setting next_dagrun for user_automation to 2024-02-04T00:00:00+00:00, run_after=2024-02-05T00:00:00+00:00
[2024-02-04T18:04:20.836+0000] {processor.py:179} INFO - Processing /opt/airflow/dags/kafkastream.py took 0.123 seconds
[2024-02-04T18:04:51.167+0000] {processor.py:157} INFO - Started process (PID=297) to work on /opt/airflow/dags/kafkastream.py
[2024-02-04T18:04:51.168+0000] {processor.py:829} INFO - Processing file /opt/airflow/dags/kafkastream.py for tasks to queue
[2024-02-04T18:04:51.170+0000] {logging_mixin.py:151} INFO - [2024-02-04T18:04:51.170+0000] {dagbag.py:539} INFO - Filling up the DagBag from /opt/airflow/dags/kafkastream.py
[2024-02-04T18:04:51.204+0000] {processor.py:839} INFO - DAG(s) dict_keys(['user_automation']) retrieved from /opt/airflow/dags/kafkastream.py
[2024-02-04T18:04:51.229+0000] {logging_mixin.py:151} INFO - [2024-02-04T18:04:51.229+0000] {dag.py:2907} INFO - Sync 1 DAGs
[2024-02-04T18:04:51.248+0000] {logging_mixin.py:151} INFO - [2024-02-04T18:04:51.247+0000] {dag.py:3677} INFO - Setting next_dagrun for user_automation to 2024-02-04T00:00:00+00:00, run_after=2024-02-05T00:00:00+00:00
[2024-02-04T18:04:51.276+0000] {processor.py:179} INFO - Processing /opt/airflow/dags/kafkastream.py took 0.113 seconds
[2024-02-04T18:05:21.485+0000] {processor.py:157} INFO - Started process (PID=298) to work on /opt/airflow/dags/kafkastream.py
[2024-02-04T18:05:21.487+0000] {processor.py:829} INFO - Processing file /opt/airflow/dags/kafkastream.py for tasks to queue
[2024-02-04T18:05:21.489+0000] {logging_mixin.py:151} INFO - [2024-02-04T18:05:21.488+0000] {dagbag.py:539} INFO - Filling up the DagBag from /opt/airflow/dags/kafkastream.py
[2024-02-04T18:05:21.536+0000] {processor.py:839} INFO - DAG(s) dict_keys(['user_automation']) retrieved from /opt/airflow/dags/kafkastream.py
[2024-02-04T18:05:21.559+0000] {logging_mixin.py:151} INFO - [2024-02-04T18:05:21.559+0000] {dag.py:2907} INFO - Sync 1 DAGs
[2024-02-04T18:05:21.579+0000] {logging_mixin.py:151} INFO - [2024-02-04T18:05:21.579+0000] {dag.py:3677} INFO - Setting next_dagrun for user_automation to 2024-02-04T00:00:00+00:00, run_after=2024-02-05T00:00:00+00:00
[2024-02-04T18:05:21.614+0000] {processor.py:179} INFO - Processing /opt/airflow/dags/kafkastream.py took 0.134 seconds
[2024-02-04T18:05:51.862+0000] {processor.py:157} INFO - Started process (PID=299) to work on /opt/airflow/dags/kafkastream.py
[2024-02-04T18:05:51.863+0000] {processor.py:829} INFO - Processing file /opt/airflow/dags/kafkastream.py for tasks to queue
[2024-02-04T18:05:51.864+0000] {logging_mixin.py:151} INFO - [2024-02-04T18:05:51.863+0000] {dagbag.py:539} INFO - Filling up the DagBag from /opt/airflow/dags/kafkastream.py
[2024-02-04T18:05:51.889+0000] {processor.py:839} INFO - DAG(s) dict_keys(['user_automation']) retrieved from /opt/airflow/dags/kafkastream.py
[2024-02-04T18:05:51.913+0000] {logging_mixin.py:151} INFO - [2024-02-04T18:05:51.913+0000] {dag.py:2907} INFO - Sync 1 DAGs
[2024-02-04T18:05:51.935+0000] {logging_mixin.py:151} INFO - [2024-02-04T18:05:51.935+0000] {dag.py:3677} INFO - Setting next_dagrun for user_automation to 2024-02-04T00:00:00+00:00, run_after=2024-02-05T00:00:00+00:00
[2024-02-04T18:05:51.967+0000] {processor.py:179} INFO - Processing /opt/airflow/dags/kafkastream.py took 0.108 seconds
[2024-02-04T18:06:22.226+0000] {processor.py:157} INFO - Started process (PID=300) to work on /opt/airflow/dags/kafkastream.py
[2024-02-04T18:06:22.227+0000] {processor.py:829} INFO - Processing file /opt/airflow/dags/kafkastream.py for tasks to queue
[2024-02-04T18:06:22.229+0000] {logging_mixin.py:151} INFO - [2024-02-04T18:06:22.228+0000] {dagbag.py:539} INFO - Filling up the DagBag from /opt/airflow/dags/kafkastream.py
[2024-02-04T18:06:22.280+0000] {processor.py:839} INFO - DAG(s) dict_keys(['user_automation']) retrieved from /opt/airflow/dags/kafkastream.py
[2024-02-04T18:06:22.307+0000] {logging_mixin.py:151} INFO - [2024-02-04T18:06:22.307+0000] {dag.py:2907} INFO - Sync 1 DAGs
[2024-02-04T18:06:22.329+0000] {logging_mixin.py:151} INFO - [2024-02-04T18:06:22.329+0000] {dag.py:3677} INFO - Setting next_dagrun for user_automation to 2024-02-04T00:00:00+00:00, run_after=2024-02-05T00:00:00+00:00
[2024-02-04T18:06:22.356+0000] {processor.py:179} INFO - Processing /opt/airflow/dags/kafkastream.py took 0.134 seconds
[2024-02-04T18:06:52.533+0000] {processor.py:157} INFO - Started process (PID=301) to work on /opt/airflow/dags/kafkastream.py
[2024-02-04T18:06:52.534+0000] {processor.py:829} INFO - Processing file /opt/airflow/dags/kafkastream.py for tasks to queue
[2024-02-04T18:06:52.535+0000] {logging_mixin.py:151} INFO - [2024-02-04T18:06:52.535+0000] {dagbag.py:539} INFO - Filling up the DagBag from /opt/airflow/dags/kafkastream.py
[2024-02-04T18:06:52.575+0000] {processor.py:839} INFO - DAG(s) dict_keys(['user_automation']) retrieved from /opt/airflow/dags/kafkastream.py
[2024-02-04T18:06:52.599+0000] {logging_mixin.py:151} INFO - [2024-02-04T18:06:52.599+0000] {dag.py:2907} INFO - Sync 1 DAGs
[2024-02-04T18:06:52.623+0000] {logging_mixin.py:151} INFO - [2024-02-04T18:06:52.623+0000] {dag.py:3677} INFO - Setting next_dagrun for user_automation to 2024-02-04T00:00:00+00:00, run_after=2024-02-05T00:00:00+00:00
[2024-02-04T18:06:52.644+0000] {processor.py:179} INFO - Processing /opt/airflow/dags/kafkastream.py took 0.114 seconds
[2024-02-04T18:07:22.883+0000] {processor.py:157} INFO - Started process (PID=302) to work on /opt/airflow/dags/kafkastream.py
[2024-02-04T18:07:22.884+0000] {processor.py:829} INFO - Processing file /opt/airflow/dags/kafkastream.py for tasks to queue
[2024-02-04T18:07:22.885+0000] {logging_mixin.py:151} INFO - [2024-02-04T18:07:22.885+0000] {dagbag.py:539} INFO - Filling up the DagBag from /opt/airflow/dags/kafkastream.py
[2024-02-04T18:07:22.918+0000] {processor.py:839} INFO - DAG(s) dict_keys(['user_automation']) retrieved from /opt/airflow/dags/kafkastream.py
[2024-02-04T18:07:22.942+0000] {logging_mixin.py:151} INFO - [2024-02-04T18:07:22.942+0000] {dag.py:2907} INFO - Sync 1 DAGs
[2024-02-04T18:07:22.961+0000] {logging_mixin.py:151} INFO - [2024-02-04T18:07:22.961+0000] {dag.py:3677} INFO - Setting next_dagrun for user_automation to 2024-02-04T00:00:00+00:00, run_after=2024-02-05T00:00:00+00:00
[2024-02-04T18:07:22.982+0000] {processor.py:179} INFO - Processing /opt/airflow/dags/kafkastream.py took 0.102 seconds
[2024-02-04T18:07:53.120+0000] {processor.py:157} INFO - Started process (PID=303) to work on /opt/airflow/dags/kafkastream.py
[2024-02-04T18:07:53.123+0000] {processor.py:829} INFO - Processing file /opt/airflow/dags/kafkastream.py for tasks to queue
[2024-02-04T18:07:53.124+0000] {logging_mixin.py:151} INFO - [2024-02-04T18:07:53.124+0000] {dagbag.py:539} INFO - Filling up the DagBag from /opt/airflow/dags/kafkastream.py
[2024-02-04T18:07:53.163+0000] {processor.py:839} INFO - DAG(s) dict_keys(['user_automation']) retrieved from /opt/airflow/dags/kafkastream.py
[2024-02-04T18:07:53.187+0000] {logging_mixin.py:151} INFO - [2024-02-04T18:07:53.187+0000] {dag.py:2907} INFO - Sync 1 DAGs
[2024-02-04T18:07:53.207+0000] {logging_mixin.py:151} INFO - [2024-02-04T18:07:53.207+0000] {dag.py:3677} INFO - Setting next_dagrun for user_automation to 2024-02-04T00:00:00+00:00, run_after=2024-02-05T00:00:00+00:00
[2024-02-04T18:07:53.225+0000] {processor.py:179} INFO - Processing /opt/airflow/dags/kafkastream.py took 0.109 seconds
[2024-02-04T18:08:23.402+0000] {processor.py:157} INFO - Started process (PID=304) to work on /opt/airflow/dags/kafkastream.py
[2024-02-04T18:08:23.403+0000] {processor.py:829} INFO - Processing file /opt/airflow/dags/kafkastream.py for tasks to queue
[2024-02-04T18:08:23.404+0000] {logging_mixin.py:151} INFO - [2024-02-04T18:08:23.404+0000] {dagbag.py:539} INFO - Filling up the DagBag from /opt/airflow/dags/kafkastream.py
[2024-02-04T18:08:23.430+0000] {processor.py:839} INFO - DAG(s) dict_keys(['user_automation']) retrieved from /opt/airflow/dags/kafkastream.py
[2024-02-04T18:08:23.454+0000] {logging_mixin.py:151} INFO - [2024-02-04T18:08:23.453+0000] {dag.py:2907} INFO - Sync 1 DAGs
[2024-02-04T18:08:23.472+0000] {logging_mixin.py:151} INFO - [2024-02-04T18:08:23.472+0000] {dag.py:3677} INFO - Setting next_dagrun for user_automation to 2024-02-04T00:00:00+00:00, run_after=2024-02-05T00:00:00+00:00
[2024-02-04T18:08:23.491+0000] {processor.py:179} INFO - Processing /opt/airflow/dags/kafkastream.py took 0.093 seconds
[2024-02-04T18:08:53.734+0000] {processor.py:157} INFO - Started process (PID=305) to work on /opt/airflow/dags/kafkastream.py
[2024-02-04T18:08:53.735+0000] {processor.py:829} INFO - Processing file /opt/airflow/dags/kafkastream.py for tasks to queue
[2024-02-04T18:08:53.736+0000] {logging_mixin.py:151} INFO - [2024-02-04T18:08:53.736+0000] {dagbag.py:539} INFO - Filling up the DagBag from /opt/airflow/dags/kafkastream.py
[2024-02-04T18:08:53.765+0000] {processor.py:839} INFO - DAG(s) dict_keys(['user_automation']) retrieved from /opt/airflow/dags/kafkastream.py
[2024-02-04T18:08:53.793+0000] {logging_mixin.py:151} INFO - [2024-02-04T18:08:53.792+0000] {dag.py:2907} INFO - Sync 1 DAGs
[2024-02-04T18:08:53.812+0000] {logging_mixin.py:151} INFO - [2024-02-04T18:08:53.811+0000] {dag.py:3677} INFO - Setting next_dagrun for user_automation to 2024-02-04T00:00:00+00:00, run_after=2024-02-05T00:00:00+00:00
[2024-02-04T18:08:53.831+0000] {processor.py:179} INFO - Processing /opt/airflow/dags/kafkastream.py took 0.100 seconds
[2024-02-04T18:09:24.034+0000] {processor.py:157} INFO - Started process (PID=306) to work on /opt/airflow/dags/kafkastream.py
[2024-02-04T18:09:24.038+0000] {processor.py:829} INFO - Processing file /opt/airflow/dags/kafkastream.py for tasks to queue
[2024-02-04T18:09:24.039+0000] {logging_mixin.py:151} INFO - [2024-02-04T18:09:24.039+0000] {dagbag.py:539} INFO - Filling up the DagBag from /opt/airflow/dags/kafkastream.py
[2024-02-04T18:09:24.089+0000] {processor.py:839} INFO - DAG(s) dict_keys(['user_automation']) retrieved from /opt/airflow/dags/kafkastream.py
[2024-02-04T18:09:24.112+0000] {logging_mixin.py:151} INFO - [2024-02-04T18:09:24.112+0000] {dag.py:2907} INFO - Sync 1 DAGs
[2024-02-04T18:09:24.133+0000] {logging_mixin.py:151} INFO - [2024-02-04T18:09:24.133+0000] {dag.py:3677} INFO - Setting next_dagrun for user_automation to 2024-02-04T00:00:00+00:00, run_after=2024-02-05T00:00:00+00:00
[2024-02-04T18:09:24.152+0000] {processor.py:179} INFO - Processing /opt/airflow/dags/kafkastream.py took 0.121 seconds
[2024-02-04T18:09:54.316+0000] {processor.py:157} INFO - Started process (PID=307) to work on /opt/airflow/dags/kafkastream.py
[2024-02-04T18:09:54.317+0000] {processor.py:829} INFO - Processing file /opt/airflow/dags/kafkastream.py for tasks to queue
[2024-02-04T18:09:54.318+0000] {logging_mixin.py:151} INFO - [2024-02-04T18:09:54.318+0000] {dagbag.py:539} INFO - Filling up the DagBag from /opt/airflow/dags/kafkastream.py
[2024-02-04T18:09:54.358+0000] {processor.py:839} INFO - DAG(s) dict_keys(['user_automation']) retrieved from /opt/airflow/dags/kafkastream.py
[2024-02-04T18:09:54.383+0000] {logging_mixin.py:151} INFO - [2024-02-04T18:09:54.383+0000] {dag.py:2907} INFO - Sync 1 DAGs
[2024-02-04T18:09:54.403+0000] {logging_mixin.py:151} INFO - [2024-02-04T18:09:54.402+0000] {dag.py:3677} INFO - Setting next_dagrun for user_automation to 2024-02-04T00:00:00+00:00, run_after=2024-02-05T00:00:00+00:00
[2024-02-04T18:09:54.431+0000] {processor.py:179} INFO - Processing /opt/airflow/dags/kafkastream.py took 0.118 seconds
[2024-02-04T18:10:24.631+0000] {processor.py:157} INFO - Started process (PID=308) to work on /opt/airflow/dags/kafkastream.py
[2024-02-04T18:10:24.632+0000] {processor.py:829} INFO - Processing file /opt/airflow/dags/kafkastream.py for tasks to queue
[2024-02-04T18:10:24.633+0000] {logging_mixin.py:151} INFO - [2024-02-04T18:10:24.633+0000] {dagbag.py:539} INFO - Filling up the DagBag from /opt/airflow/dags/kafkastream.py
[2024-02-04T18:10:24.669+0000] {processor.py:839} INFO - DAG(s) dict_keys(['user_automation']) retrieved from /opt/airflow/dags/kafkastream.py
[2024-02-04T18:10:24.694+0000] {logging_mixin.py:151} INFO - [2024-02-04T18:10:24.694+0000] {dag.py:2907} INFO - Sync 1 DAGs
[2024-02-04T18:10:24.714+0000] {logging_mixin.py:151} INFO - [2024-02-04T18:10:24.714+0000] {dag.py:3677} INFO - Setting next_dagrun for user_automation to 2024-02-04T00:00:00+00:00, run_after=2024-02-05T00:00:00+00:00
[2024-02-04T18:10:24.735+0000] {processor.py:179} INFO - Processing /opt/airflow/dags/kafkastream.py took 0.107 seconds
[2024-02-04T18:10:54.941+0000] {processor.py:157} INFO - Started process (PID=309) to work on /opt/airflow/dags/kafkastream.py
[2024-02-04T18:10:54.942+0000] {processor.py:829} INFO - Processing file /opt/airflow/dags/kafkastream.py for tasks to queue
[2024-02-04T18:10:54.943+0000] {logging_mixin.py:151} INFO - [2024-02-04T18:10:54.943+0000] {dagbag.py:539} INFO - Filling up the DagBag from /opt/airflow/dags/kafkastream.py
[2024-02-04T18:10:54.975+0000] {processor.py:839} INFO - DAG(s) dict_keys(['user_automation']) retrieved from /opt/airflow/dags/kafkastream.py
[2024-02-04T18:10:54.997+0000] {logging_mixin.py:151} INFO - [2024-02-04T18:10:54.997+0000] {dag.py:2907} INFO - Sync 1 DAGs
[2024-02-04T18:10:55.016+0000] {logging_mixin.py:151} INFO - [2024-02-04T18:10:55.016+0000] {dag.py:3677} INFO - Setting next_dagrun for user_automation to 2024-02-04T00:00:00+00:00, run_after=2024-02-05T00:00:00+00:00
[2024-02-04T18:10:55.042+0000] {processor.py:179} INFO - Processing /opt/airflow/dags/kafkastream.py took 0.104 seconds
[2024-02-04T18:11:25.392+0000] {processor.py:157} INFO - Started process (PID=310) to work on /opt/airflow/dags/kafkastream.py
[2024-02-04T18:11:25.393+0000] {processor.py:829} INFO - Processing file /opt/airflow/dags/kafkastream.py for tasks to queue
[2024-02-04T18:11:25.395+0000] {logging_mixin.py:151} INFO - [2024-02-04T18:11:25.394+0000] {dagbag.py:539} INFO - Filling up the DagBag from /opt/airflow/dags/kafkastream.py
[2024-02-04T18:11:25.437+0000] {processor.py:839} INFO - DAG(s) dict_keys(['user_automation']) retrieved from /opt/airflow/dags/kafkastream.py
[2024-02-04T18:11:25.460+0000] {logging_mixin.py:151} INFO - [2024-02-04T18:11:25.460+0000] {dag.py:2907} INFO - Sync 1 DAGs
[2024-02-04T18:11:25.480+0000] {logging_mixin.py:151} INFO - [2024-02-04T18:11:25.480+0000] {dag.py:3677} INFO - Setting next_dagrun for user_automation to 2024-02-04T00:00:00+00:00, run_after=2024-02-05T00:00:00+00:00
[2024-02-04T18:11:25.500+0000] {processor.py:179} INFO - Processing /opt/airflow/dags/kafkastream.py took 0.111 seconds
