[2024-01-31T18:06:48.941+0000] {taskinstance.py:1159} INFO - Dependencies all met for dep_context=non-requeueable deps ti=<TaskInstance: user_automation.stream_data_from_api manual__2024-01-31T18:00:31.906773+00:00 [queued]>
[2024-01-31T18:06:48.958+0000] {taskinstance.py:1159} INFO - Dependencies all met for dep_context=requeueable deps ti=<TaskInstance: user_automation.stream_data_from_api manual__2024-01-31T18:00:31.906773+00:00 [queued]>
[2024-01-31T18:06:48.959+0000] {taskinstance.py:1361} INFO - Starting attempt 1 of 1
[2024-01-31T18:06:48.984+0000] {taskinstance.py:1382} INFO - Executing <Task(PythonOperator): stream_data_from_api> on 2024-01-31 18:00:31.906773+00:00
[2024-01-31T18:06:48.993+0000] {standard_task_runner.py:57} INFO - Started process 73 to run task
[2024-01-31T18:06:49.012+0000] {standard_task_runner.py:84} INFO - Running: ['***', 'tasks', 'run', 'user_automation', 'stream_data_from_api', 'manual__2024-01-31T18:00:31.906773+00:00', '--job-id', '21', '--raw', '--subdir', 'DAGS_FOLDER/kafkastream.py', '--cfg-path', '/tmp/tmprna4rt8c']
[2024-01-31T18:06:49.020+0000] {standard_task_runner.py:85} INFO - Job 21: Subtask stream_data_from_api
[2024-01-31T18:06:49.195+0000] {task_command.py:415} INFO - Running <TaskInstance: user_automation.stream_data_from_api manual__2024-01-31T18:00:31.906773+00:00 [running]> on host 9654d1909d72
[2024-01-31T18:06:49.419+0000] {taskinstance.py:1660} INFO - Exporting env vars: AIRFLOW_CTX_DAG_OWNER='***' AIRFLOW_CTX_DAG_ID='user_automation' AIRFLOW_CTX_TASK_ID='stream_data_from_api' AIRFLOW_CTX_EXECUTION_DATE='2024-01-31T18:00:31.906773+00:00' AIRFLOW_CTX_TRY_NUMBER='1' AIRFLOW_CTX_DAG_RUN_ID='manual__2024-01-31T18:00:31.906773+00:00'
[2024-01-31T18:06:49.551+0000] {conn.py:380} INFO - <BrokerConnection node_id=bootstrap-0 host=broker:29092 <connecting> [IPv4 ('172.18.0.8', 29092)]>: connecting to broker:29092 [('172.18.0.8', 29092) IPv4]
[2024-01-31T18:06:49.552+0000] {conn.py:1205} INFO - Probing node bootstrap-0 broker version
[2024-01-31T18:06:49.554+0000] {conn.py:410} INFO - <BrokerConnection node_id=bootstrap-0 host=broker:29092 <connecting> [IPv4 ('172.18.0.8', 29092)]>: Connection complete.
[2024-01-31T18:06:49.677+0000] {conn.py:1267} INFO - Broker version identified as 2.5.0
[2024-01-31T18:06:49.680+0000] {conn.py:1268} INFO - Set configuration api_version=(2, 5, 0) to skip auto check_version requests on startup
[2024-01-31T18:06:50.937+0000] {kafkastream.py:57} ERROR - An error occured: Object of type UUID is not JSON serializable
[2024-01-31T18:06:51.960+0000] {kafkastream.py:57} ERROR - An error occured: Object of type UUID is not JSON serializable
[2024-01-31T18:06:54.524+0000] {kafkastream.py:57} ERROR - An error occured: Object of type UUID is not JSON serializable
[2024-01-31T18:06:55.319+0000] {kafkastream.py:57} ERROR - An error occured: Object of type UUID is not JSON serializable
[2024-01-31T18:06:56.157+0000] {kafkastream.py:57} ERROR - An error occured: Object of type UUID is not JSON serializable
[2024-01-31T18:06:57.105+0000] {kafkastream.py:57} ERROR - An error occured: Object of type UUID is not JSON serializable
[2024-01-31T18:06:58.204+0000] {kafkastream.py:57} ERROR - An error occured: Object of type UUID is not JSON serializable
[2024-01-31T18:06:58.921+0000] {kafkastream.py:57} ERROR - An error occured: Object of type UUID is not JSON serializable
[2024-01-31T18:06:59.602+0000] {kafkastream.py:57} ERROR - An error occured: Object of type UUID is not JSON serializable
[2024-01-31T18:07:02.610+0000] {kafkastream.py:57} ERROR - An error occured: Object of type UUID is not JSON serializable
[2024-01-31T18:07:03.566+0000] {kafkastream.py:57} ERROR - An error occured: Object of type UUID is not JSON serializable
[2024-01-31T18:07:04.343+0000] {kafkastream.py:57} ERROR - An error occured: Object of type UUID is not JSON serializable
[2024-01-31T18:07:05.179+0000] {kafkastream.py:57} ERROR - An error occured: Object of type UUID is not JSON serializable
[2024-01-31T18:07:06.014+0000] {kafkastream.py:57} ERROR - An error occured: Object of type UUID is not JSON serializable
[2024-01-31T18:07:06.684+0000] {kafkastream.py:57} ERROR - An error occured: Object of type UUID is not JSON serializable
[2024-01-31T18:07:07.389+0000] {kafkastream.py:57} ERROR - An error occured: Object of type UUID is not JSON serializable
[2024-01-31T18:07:07.999+0000] {kafkastream.py:57} ERROR - An error occured: Object of type UUID is not JSON serializable
[2024-01-31T18:07:08.733+0000] {kafkastream.py:57} ERROR - An error occured: Object of type UUID is not JSON serializable
[2024-01-31T18:07:09.469+0000] {kafkastream.py:57} ERROR - An error occured: Object of type UUID is not JSON serializable
[2024-01-31T18:07:10.166+0000] {kafkastream.py:57} ERROR - An error occured: Object of type UUID is not JSON serializable
[2024-01-31T18:07:11.418+0000] {kafkastream.py:57} ERROR - An error occured: Object of type UUID is not JSON serializable
[2024-01-31T18:07:12.133+0000] {kafkastream.py:57} ERROR - An error occured: Object of type UUID is not JSON serializable
[2024-01-31T18:07:12.828+0000] {kafkastream.py:57} ERROR - An error occured: Object of type UUID is not JSON serializable
[2024-01-31T18:07:13.536+0000] {kafkastream.py:57} ERROR - An error occured: Object of type UUID is not JSON serializable
[2024-01-31T18:07:14.168+0000] {kafkastream.py:57} ERROR - An error occured: Object of type UUID is not JSON serializable
[2024-01-31T18:07:14.928+0000] {kafkastream.py:57} ERROR - An error occured: Object of type UUID is not JSON serializable
[2024-01-31T18:07:15.739+0000] {kafkastream.py:57} ERROR - An error occured: Object of type UUID is not JSON serializable
[2024-01-31T18:07:16.429+0000] {kafkastream.py:57} ERROR - An error occured: Object of type UUID is not JSON serializable
[2024-01-31T18:07:17.253+0000] {kafkastream.py:57} ERROR - An error occured: Object of type UUID is not JSON serializable
[2024-01-31T18:07:17.955+0000] {kafkastream.py:57} ERROR - An error occured: Object of type UUID is not JSON serializable
[2024-01-31T18:07:20.858+0000] {kafkastream.py:57} ERROR - An error occured: Object of type UUID is not JSON serializable
[2024-01-31T18:07:21.521+0000] {kafkastream.py:57} ERROR - An error occured: Object of type UUID is not JSON serializable
[2024-01-31T18:07:22.700+0000] {kafkastream.py:57} ERROR - An error occured: Object of type UUID is not JSON serializable
[2024-01-31T18:07:23.373+0000] {kafkastream.py:57} ERROR - An error occured: Object of type UUID is not JSON serializable
[2024-01-31T18:07:24.135+0000] {kafkastream.py:57} ERROR - An error occured: Object of type UUID is not JSON serializable
[2024-01-31T18:07:25.085+0000] {kafkastream.py:57} ERROR - An error occured: Object of type UUID is not JSON serializable
[2024-01-31T18:07:26.062+0000] {kafkastream.py:57} ERROR - An error occured: Object of type UUID is not JSON serializable
[2024-01-31T18:07:26.758+0000] {kafkastream.py:57} ERROR - An error occured: Object of type UUID is not JSON serializable
[2024-01-31T18:07:27.628+0000] {kafkastream.py:57} ERROR - An error occured: Object of type UUID is not JSON serializable
[2024-01-31T18:07:28.424+0000] {kafkastream.py:57} ERROR - An error occured: Object of type UUID is not JSON serializable
[2024-01-31T18:07:29.131+0000] {kafkastream.py:57} ERROR - An error occured: Object of type UUID is not JSON serializable
[2024-01-31T18:07:30.032+0000] {kafkastream.py:57} ERROR - An error occured: Object of type UUID is not JSON serializable
[2024-01-31T18:07:30.771+0000] {kafkastream.py:57} ERROR - An error occured: Object of type UUID is not JSON serializable
[2024-01-31T18:07:31.609+0000] {kafkastream.py:57} ERROR - An error occured: Object of type UUID is not JSON serializable
[2024-01-31T18:07:33.400+0000] {kafkastream.py:57} ERROR - An error occured: Object of type UUID is not JSON serializable
[2024-01-31T18:07:35.356+0000] {kafkastream.py:57} ERROR - An error occured: Object of type UUID is not JSON serializable
[2024-01-31T18:07:36.053+0000] {kafkastream.py:57} ERROR - An error occured: Object of type UUID is not JSON serializable
[2024-01-31T18:07:36.735+0000] {kafkastream.py:57} ERROR - An error occured: Object of type UUID is not JSON serializable
[2024-01-31T18:07:37.406+0000] {kafkastream.py:57} ERROR - An error occured: Object of type UUID is not JSON serializable
[2024-01-31T18:07:38.135+0000] {kafkastream.py:57} ERROR - An error occured: Object of type UUID is not JSON serializable
[2024-01-31T18:07:38.793+0000] {kafkastream.py:57} ERROR - An error occured: Object of type UUID is not JSON serializable
[2024-01-31T18:07:39.424+0000] {kafkastream.py:57} ERROR - An error occured: Object of type UUID is not JSON serializable
[2024-01-31T18:07:40.052+0000] {kafkastream.py:57} ERROR - An error occured: Object of type UUID is not JSON serializable
[2024-01-31T18:07:40.926+0000] {kafkastream.py:57} ERROR - An error occured: Object of type UUID is not JSON serializable
[2024-01-31T18:07:41.590+0000] {kafkastream.py:57} ERROR - An error occured: Object of type UUID is not JSON serializable
[2024-01-31T18:07:42.240+0000] {kafkastream.py:57} ERROR - An error occured: Object of type UUID is not JSON serializable
[2024-01-31T18:07:42.914+0000] {kafkastream.py:57} ERROR - An error occured: Object of type UUID is not JSON serializable
[2024-01-31T18:07:43.628+0000] {kafkastream.py:57} ERROR - An error occured: Object of type UUID is not JSON serializable
[2024-01-31T18:07:44.339+0000] {kafkastream.py:57} ERROR - An error occured: Object of type UUID is not JSON serializable
[2024-01-31T18:07:44.972+0000] {kafkastream.py:57} ERROR - An error occured: Object of type UUID is not JSON serializable
[2024-01-31T18:07:45.683+0000] {kafkastream.py:57} ERROR - An error occured: Object of type UUID is not JSON serializable
[2024-01-31T18:07:46.946+0000] {kafkastream.py:57} ERROR - An error occured: Object of type UUID is not JSON serializable
[2024-01-31T18:07:47.724+0000] {kafkastream.py:57} ERROR - An error occured: Object of type UUID is not JSON serializable
[2024-01-31T18:07:48.685+0000] {kafkastream.py:57} ERROR - An error occured: Object of type UUID is not JSON serializable
[2024-01-31T18:07:49.449+0000] {kafkastream.py:57} ERROR - An error occured: Object of type UUID is not JSON serializable
[2024-01-31T18:07:50.197+0000] {kafkastream.py:57} ERROR - An error occured: Object of type UUID is not JSON serializable
[2024-01-31T18:07:50.201+0000] {conn.py:919} INFO - <BrokerConnection node_id=bootstrap-0 host=broker:29092 <connected> [IPv4 ('172.18.0.8', 29092)]>: Closing connection. 
[2024-01-31T18:07:50.205+0000] {python.py:194} INFO - Done. Returned value was: None
[2024-01-31T18:07:50.227+0000] {taskinstance.py:1400} INFO - Marking task as SUCCESS. dag_id=user_automation, task_id=stream_data_from_api, execution_date=20240131T180031, start_date=20240131T180648, end_date=20240131T180750
[2024-01-31T18:07:50.287+0000] {local_task_job_runner.py:228} INFO - Task exited with return code 0
[2024-01-31T18:07:50.323+0000] {taskinstance.py:2784} INFO - 0 downstream tasks scheduled from follow-on schedule check
